{
  "numFailedTestSuites": 0,
  "numFailedTests": 0,
  "numPassedTestSuites": 6,
  "numPassedTests": 8,
  "numPendingTestSuites": 0,
  "numPendingTests": 0,
  "numRuntimeErrorTestSuites": 0,
  "numTodoTests": 0,
  "numTotalTestSuites": 6,
  "numTotalTests": 8,
  "openHandles": [],
  "snapshot": {
    "added": 0,
    "didUpdate": false,
    "failure": false,
    "filesAdded": 0,
    "filesRemoved": 0,
    "filesRemovedList": [],
    "filesUnmatched": 0,
    "filesUpdated": 0,
    "matched": 0,
    "total": 0,
    "unchecked": 0,
    "uncheckedKeysByFile": [],
    "unmatched": 0,
    "updated": 0
  },
  "startTime": 1595975086607,
  "success": true,
  "testResults": [
    {
      "failureMessage": null,
      "numFailingTests": 0,
      "numPassingTests": 1,
      "numPendingTests": 0,
      "numTodoTests": 0,
      "perfStats": {
        "end": 1595975089668,
        "start": 1595975087232
      },
      "snapshot": {
        "added": 0,
        "fileDeleted": false,
        "matched": 0,
        "unchecked": 0,
        "unmatched": 0,
        "updated": 0,
        "uncheckedKeys": []
      },
      "testFilePath": "/Users/rachelbrook/Sites/crocobot/__tests__/test2.js",
      "testResults": [
        {
          "ancestorTitles": [
            "/ (Home Page)"
          ],
          "duration": 13,
          "failureMessages": [],
          "fullName": "/ (Home Page) should load without error",
          "location": null,
          "numPassingAsserts": 0,
          "status": "passed",
          "title": "should load without error"
        }
      ],
      "skipped": false,
      "leaks": false
    },
    {
      "failureMessage": null,
      "numFailingTests": 0,
      "numPassingTests": 1,
      "numPendingTests": 0,
      "numTodoTests": 0,
      "perfStats": {
        "end": 1595975089707,
        "start": 1595975087231
      },
      "snapshot": {
        "added": 0,
        "fileDeleted": false,
        "matched": 0,
        "unchecked": 0,
        "unmatched": 0,
        "updated": 0,
        "uncheckedKeys": []
      },
      "testFilePath": "/Users/rachelbrook/Sites/crocobot/__tests__/test3.js",
      "testResults": [
        {
          "ancestorTitles": [
            "/ (Home Page)"
          ],
          "duration": 40,
          "failureMessages": [],
          "fullName": "/ (Home Page) should load without error",
          "location": null,
          "numPassingAsserts": 0,
          "status": "passed",
          "title": "should load without error"
        }
      ],
      "skipped": false,
      "leaks": false
    },
    {
      "failureMessage": null,
      "numFailingTests": 0,
      "numPassingTests": 1,
      "numPendingTests": 0,
      "numTodoTests": 0,
      "perfStats": {
        "end": 1595975089771,
        "start": 1595975087233
      },
      "snapshot": {
        "added": 0,
        "fileDeleted": false,
        "matched": 0,
        "unchecked": 0,
        "unmatched": 0,
        "updated": 0,
        "uncheckedKeys": []
      },
      "testFilePath": "/Users/rachelbrook/Sites/crocobot/__tests__/test1.js",
      "testResults": [
        {
          "ancestorTitles": [
            "/ (Home Page)"
          ],
          "duration": 16,
          "failureMessages": [],
          "fullName": "/ (Home Page) should load without error",
          "location": null,
          "numPassingAsserts": 0,
          "status": "passed",
          "title": "should load without error"
        }
      ],
      "skipped": false,
      "leaks": false
    },
    {
      "failureMessage": null,
      "numFailingTests": 0,
      "numPassingTests": 3,
      "numPendingTests": 0,
      "numTodoTests": 0,
      "perfStats": {
        "end": 1595975090396,
        "start": 1595975089777
      },
      "snapshot": {
        "added": 0,
        "fileDeleted": false,
        "matched": 0,
        "unchecked": 0,
        "unmatched": 0,
        "updated": 0,
        "uncheckedKeys": []
      },
      "testFilePath": "/Users/rachelbrook/Sites/crocobot/__tests__/step-definitions/scenario-outlines.steps.js",
      "testResults": [
        {
          "ancestorTitles": [
            "Online sales"
          ],
          "duration": 8,
          "failureMessages": [],
          "fullName": "Online sales Selling an item at $100",
          "location": null,
          "numPassingAsserts": 0,
          "status": "passed",
          "title": "Selling an item at $100"
        },
        {
          "ancestorTitles": [
            "Online sales"
          ],
          "duration": 0,
          "failureMessages": [],
          "fullName": "Online sales Selling an item at $22",
          "location": null,
          "numPassingAsserts": 0,
          "status": "passed",
          "title": "Selling an item at $22"
        },
        {
          "ancestorTitles": [
            "Online sales"
          ],
          "duration": 1,
          "failureMessages": [],
          "fullName": "Online sales Selling an item at $0",
          "location": null,
          "numPassingAsserts": 0,
          "status": "passed",
          "title": "Selling an item at $0"
        }
      ],
      "skipped": false,
      "leaks": false
    },
    {
      "failureMessage": null,
      "numFailingTests": 0,
      "numPassingTests": 1,
      "numPendingTests": 0,
      "numTodoTests": 0,
      "perfStats": {
        "end": 1595975090465,
        "start": 1595975089714
      },
      "snapshot": {
        "added": 0,
        "fileDeleted": false,
        "matched": 0,
        "unchecked": 0,
        "unmatched": 0,
        "updated": 0,
        "uncheckedKeys": []
      },
      "testFilePath": "/Users/rachelbrook/Sites/crocobot/__tests__/test5.js",
      "testResults": [
        {
          "ancestorTitles": [
            "/ (Home Page)"
          ],
          "duration": 9,
          "failureMessages": [],
          "fullName": "/ (Home Page) should load without error",
          "location": null,
          "numPassingAsserts": 0,
          "status": "passed",
          "title": "should load without error"
        }
      ],
      "skipped": false,
      "leaks": false
    },
    {
      "failureMessage": null,
      "numFailingTests": 0,
      "numPassingTests": 1,
      "numPendingTests": 0,
      "numTodoTests": 0,
      "perfStats": {
        "end": 1595975090525,
        "start": 1595975089677
      },
      "snapshot": {
        "added": 0,
        "fileDeleted": false,
        "matched": 0,
        "unchecked": 0,
        "unmatched": 0,
        "updated": 0,
        "uncheckedKeys": []
      },
      "testFilePath": "/Users/rachelbrook/Sites/crocobot/__tests__/test4.js",
      "testResults": [
        {
          "ancestorTitles": [
            "/ (Home Page)"
          ],
          "duration": 5,
          "failureMessages": [],
          "fullName": "/ (Home Page) should load without error",
          "location": null,
          "numPassingAsserts": 0,
          "status": "passed",
          "title": "should load without error"
        }
      ],
      "skipped": false,
      "leaks": false
    }
  ],
  "wasInterrupted": false
}